[0/3] Write swift-version--58304C5D6DBC2206.txt
[0/1] Planning build
Building for debugging...
[0/3] Write swift-version--58304C5D6DBC2206.txt
Build of product 'xcodegen' complete! (2.23s)
⚙️  Generating plists...
⚙️  Generating project...
⚙️  Writing project...
Created project at /Users/jwintz/Syntropment/hyalo-unified/iOS/HyaloApp.xcodeproj
Command line invocation:
    /Applications/Xcode.app/Contents/Developer/usr/bin/xcodebuild -project HyaloApp.xcodeproj -scheme HyaloApp -configuration Debug -destination "platform=iOS Simulator,name=iPad Pro 13-inch (M5)" -derivedDataPath /tmp/hyalo-ios-build build

Resolve Package Graph


Resolved source packages:
  JSONUtilities: https://github.com/yonaskolb/JSONUtilities.git @ 4.2.0
  swift-argument-parser: https://github.com/apple/swift-argument-parser @ 1.7.0
  AEXML: https://github.com/tadija/AEXML.git @ 4.7.0
  swift-collections: https://github.com/apple/swift-collections.git @ 1.3.0
  Rainbow: https://github.com/onevcat/Rainbow.git @ 4.2.1
  Hyalo: /Users/jwintz/Syntropment/hyalo-unified
  XcodeProj: https://github.com/tuist/XcodeProj.git @ 8.27.7
  Yams: https://github.com/jpsim/Yams.git @ 5.4.0
  XcodeGen: https://github.com/yonaskolb/XcodeGen.git @ 2.44.1
  PathKit: https://github.com/kylef/PathKit.git @ 1.0.1
  EmacsSwiftModule: https://github.com/SavchenkoValeriy/emacs-swift-module.git @ main (00d8bd6)
  Spectre: https://github.com/kylef/Spectre.git @ 0.10.1
  SwiftCLI: https://github.com/jakeheis/SwiftCLI.git @ 6.0.3
  Version: https://github.com/mxcl/Version @ 2.2.0
  SwiftTerm: https://github.com/migueldeicaza/SwiftTerm.git @ 1.11.2
  ProjectNavigator: https://github.com/mchakravarty/ProjectNavigator.git @ 1.7.0

2026-02-23 14:48:22.048 xcodebuild[92626:794060] [MT] IDERunDestination: Supported platforms for the buildables in the current scheme is empty.
ComputePackagePrebuildTargetDependencyGraph

Prepare packages

CreateBuildRequest

SendProjectDescription

CreateBuildOperation

ComputeTargetDependencyGraph
note: Building targets in dependency order
note: Target dependency graph (13 targets)
    Target 'HyaloApp' in project 'HyaloApp'
        ➜ Explicit dependency on target 'HyaloKitFramework' in project 'HyaloApp'
    Target 'HyaloKitFramework' in project 'HyaloApp'
        ➜ Explicit dependency on target 'HyaloKit' in project 'Hyalo'
    Target 'HyaloKit' in project 'Hyalo'
        ➜ Explicit dependency on target 'HyaloKit' in project 'Hyalo'
        ➜ Explicit dependency on target 'HyaloShared' in project 'Hyalo'
        ➜ Explicit dependency on target 'Files' in project 'ProjectNavigator'
        ➜ Explicit dependency on target 'ProjectNavigator' in project 'ProjectNavigator'
    Target 'HyaloKit' in project 'Hyalo'
        ➜ Explicit dependency on target 'HyaloShared' in project 'Hyalo'
        ➜ Explicit dependency on target 'Files' in project 'ProjectNavigator'
        ➜ Explicit dependency on target 'ProjectNavigator' in project 'ProjectNavigator'
    Target 'HyaloShared' in project 'Hyalo'
        ➜ Explicit dependency on target 'Files' in project 'ProjectNavigator'
        ➜ Explicit dependency on target 'ProjectNavigator' in project 'ProjectNavigator'
    Target 'ProjectNavigator' in project 'ProjectNavigator'
        ➜ Explicit dependency on target 'ProjectNavigator' in project 'ProjectNavigator'
        ➜ Explicit dependency on target 'Files' in project 'ProjectNavigator'
        ➜ Explicit dependency on target '_FilesTestSupport' in project 'ProjectNavigator'
        ➜ Explicit dependency on target 'OrderedCollections' in project 'swift-collections'
    Target 'ProjectNavigator' in project 'ProjectNavigator'
        ➜ Explicit dependency on target 'Files' in project 'ProjectNavigator'
        ➜ Explicit dependency on target '_FilesTestSupport' in project 'ProjectNavigator'
        ➜ Explicit dependency on target 'OrderedCollections' in project 'swift-collections'
    Target '_FilesTestSupport' in project 'ProjectNavigator'
        ➜ Explicit dependency on target 'Files' in project 'ProjectNavigator'
        ➜ Explicit dependency on target 'OrderedCollections' in project 'swift-collections'
    Target 'Files' in project 'ProjectNavigator'
        ➜ Explicit dependency on target 'Files' in project 'ProjectNavigator'
        ➜ Explicit dependency on target 'OrderedCollections' in project 'swift-collections'
    Target 'Files' in project 'ProjectNavigator'
        ➜ Explicit dependency on target 'OrderedCollections' in project 'swift-collections'
    Target 'OrderedCollections' in project 'swift-collections'
        ➜ Explicit dependency on target 'OrderedCollections' in project 'swift-collections'
        ➜ Explicit dependency on target 'InternalCollectionsUtilities' in project 'swift-collections'
    Target 'OrderedCollections' in project 'swift-collections'
        ➜ Explicit dependency on target 'InternalCollectionsUtilities' in project 'swift-collections'
    Target 'InternalCollectionsUtilities' in project 'swift-collections' (no dependencies)

GatherProvisioningInputs

CreateBuildDescription

ExecuteExternalTool /Applications/Xcode.app/Contents/Developer/Toolchains/XcodeDefault.xctoolchain/usr/bin/swiftc --version

ExecuteExternalTool /Applications/Xcode.app/Contents/Developer/Toolchains/XcodeDefault.xctoolchain/usr/bin/clang -v -E -dM -isysroot /Applications/Xcode.app/Contents/Developer/Platforms/iPhoneSimulator.platform/Developer/SDKs/iPhoneSimulator26.2.sdk -x c -c /dev/null

ExecuteExternalTool /Applications/Xcode.app/Contents/Developer/Toolchains/XcodeDefault.xctoolchain/usr/bin/clang -v -E -dM -arch arm64 -isysroot /Applications/Xcode.app/Contents/Developer/Platforms/iPhoneSimulator.platform/Developer/SDKs/iPhoneSimulator26.2.sdk -x c -c /dev/null

ExecuteExternalTool /Applications/Xcode.app/Contents/Developer/Toolchains/XcodeDefault.xctoolchain/usr/bin/ld -version_details

ReadFileContents /Applications/Xcode.app/Contents/Developer/Toolchains/XcodeDefault.xctoolchain/usr/share/docc/features.json

Build description signature: 1659443e83d25e028c96fdcfb5c090f7
Build description path: /tmp/hyalo-ios-build/Build/Intermediates.noindex/XCBuildData/1659443e83d25e028c96fdcfb5c090f7.xcbuilddata
ClangStatCache /Applications/Xcode.app/Contents/Developer/Toolchains/XcodeDefault.xctoolchain/usr/bin/clang-stat-cache /Applications/Xcode.app/Contents/Developer/Platforms/iPhoneSimulator.platform/Developer/SDKs/iPhoneSimulator26.2.sdk /tmp/hyalo-ios-build/SDKStatCaches.noindex/iphonesimulator26.2-23C53-3885c01c3e6b6a337905948deab2002e7d00a8b37fbd7999ea79df8ebc024bf0.sdkstatcache
    cd /Users/jwintz/Syntropment/hyalo-unified/iOS/HyaloApp.xcodeproj
    /Applications/Xcode.app/Contents/Developer/Toolchains/XcodeDefault.xctoolchain/usr/bin/clang-stat-cache /Applications/Xcode.app/Contents/Developer/Platforms/iPhoneSimulator.platform/Developer/SDKs/iPhoneSimulator26.2.sdk -o /tmp/hyalo-ios-build/SDKStatCaches.noindex/iphonesimulator26.2-23C53-3885c01c3e6b6a337905948deab2002e7d00a8b37fbd7999ea79df8ebc024bf0.sdkstatcache

ProcessInfoPlistFile /tmp/hyalo-ios-build/Build/Products/Debug-iphonesimulator/HyaloKitFramework.framework/Info.plist /tmp/hyalo-ios-build/Build/Intermediates.noindex/HyaloApp.build/Debug-iphonesimulator/HyaloKitFramework.build/empty-HyaloKitFramework.plist (in target 'HyaloKitFramework' from project 'HyaloApp')
    cd /Users/jwintz/Syntropment/hyalo-unified/iOS
    builtin-infoPlistUtility /tmp/hyalo-ios-build/Build/Intermediates.noindex/HyaloApp.build/Debug-iphonesimulator/HyaloKitFramework.build/empty-HyaloKitFramework.plist -producttype com.apple.product-type.framework -expandbuildsettings -format binary -platform iphonesimulator -o /tmp/hyalo-ios-build/Build/Products/Debug-iphonesimulator/HyaloKitFramework.framework/Info.plist

ProcessProductPackaging "" /tmp/hyalo-ios-build/Build/Intermediates.noindex/HyaloApp.build/Debug-iphonesimulator/HyaloApp.build/Hyalo.app-Simulated.xcent (in target 'HyaloApp' from project 'HyaloApp')
    cd /Users/jwintz/Syntropment/hyalo-unified/iOS
    
    Entitlements:
    
    {
    "application-identifier" = "H4T77W7K9A.org.gnu.hyalo";
}
    
    builtin-productPackagingUtility -entitlements -format xml -o /tmp/hyalo-ios-build/Build/Intermediates.noindex/HyaloApp.build/Debug-iphonesimulator/HyaloApp.build/Hyalo.app-Simulated.xcent

ProcessProductPackagingDER /tmp/hyalo-ios-build/Build/Intermediates.noindex/HyaloApp.build/Debug-iphonesimulator/HyaloApp.build/Hyalo.app-Simulated.xcent /tmp/hyalo-ios-build/Build/Intermediates.noindex/HyaloApp.build/Debug-iphonesimulator/HyaloApp.build/Hyalo.app-Simulated.xcent.der (in target 'HyaloApp' from project 'HyaloApp')
    cd /Users/jwintz/Syntropment/hyalo-unified/iOS
    /usr/bin/derq query -f xml -i /tmp/hyalo-ios-build/Build/Intermediates.noindex/HyaloApp.build/Debug-iphonesimulator/HyaloApp.build/Hyalo.app-Simulated.xcent -o /tmp/hyalo-ios-build/Build/Intermediates.noindex/HyaloApp.build/Debug-iphonesimulator/HyaloApp.build/Hyalo.app-Simulated.xcent.der --raw

Ld /tmp/hyalo-ios-build/Build/Products/Debug-iphonesimulator/Hyalo.app/Hyalo normal (in target 'HyaloApp' from project 'HyaloApp')
    cd /Users/jwintz/Syntropment/hyalo-unified/iOS
    /Applications/Xcode.app/Contents/Developer/Toolchains/XcodeDefault.xctoolchain/usr/bin/clang -Xlinker -reproducible -target arm64-apple-ios26.0-simulator -isysroot /Applications/Xcode.app/Contents/Developer/Platforms/iPhoneSimulator.platform/Developer/SDKs/iPhoneSimulator26.2.sdk -O0 -L/tmp/hyalo-ios-build/Build/Intermediates.noindex/EagerLinkingTBDs/Debug-iphonesimulator -L/tmp/hyalo-ios-build/Build/Products/Debug-iphonesimulator -F/tmp/hyalo-ios-build/Build/Intermediates.noindex/EagerLinkingTBDs/Debug-iphonesimulator -F/tmp/hyalo-ios-build/Build/Products/Debug-iphonesimulator/PackageFrameworks -F/tmp/hyalo-ios-build/Build/Products/Debug-iphonesimulator/PackageFrameworks -F/tmp/hyalo-ios-build/Build/Products/Debug-iphonesimulator/PackageFrameworks -F/tmp/hyalo-ios-build/Build/Products/Debug-iphonesimulator/PackageFrameworks -F/tmp/hyalo-ios-build/Build/Products/Debug-iphonesimulator/PackageFrameworks -F/tmp/hyalo-ios-build/Build/Products/Debug-iphonesimulator/PackageFrameworks -F/tmp/hyalo-ios-build/Build/Products/Debug-iphonesimulator/PackageFrameworks -F/tmp/hyalo-ios-build/Build/Products/Debug-iphonesimulator -filelist /tmp/hyalo-ios-build/Build/Intermediates.noindex/HyaloApp.build/Debug-iphonesimulator/HyaloApp.build/Objects-normal/arm64/Hyalo.LinkFileList -Xlinker -rpath -Xlinker /tmp/hyalo-ios-build/Build/Products/Debug-iphonesimulator/PackageFrameworks -Xlinker -rpath -Xlinker @executable_path/Frameworks -dead_strip -Xlinker -object_path_lto -Xlinker /tmp/hyalo-ios-build/Build/Intermediates.noindex/HyaloApp.build/Debug-iphonesimulator/HyaloApp.build/Objects-normal/arm64/Hyalo_lto.o -rdynamic -Xlinker -no_deduplicate -Xlinker -objc_abi_version -Xlinker 2 -Xlinker -dependency_info -Xlinker /tmp/hyalo-ios-build/Build/Intermediates.noindex/HyaloApp.build/Debug-iphonesimulator/HyaloApp.build/Objects-normal/arm64/Hyalo_dependency_info.dat -fobjc-link-runtime -L/Applications/Xcode.app/Contents/Developer/Toolchains/XcodeDefault.xctoolchain/usr/lib/swift/iphonesimulator -L/usr/lib/swift -Xlinker -add_ast_path -Xlinker /tmp/hyalo-ios-build/Build/Intermediates.noindex/HyaloApp.build/Debug-iphonesimulator/HyaloApp.build/Objects-normal/arm64/Hyalo.swiftmodule @/tmp/hyalo-ios-build/Build/Intermediates.noindex/HyaloApp.build/Debug-iphonesimulator/HyaloApp.build/Objects-normal/arm64/Hyalo-linker-args.resp -Wl,-no_warn_duplicate_libraries -Wl,-no_warn_duplicate_libraries -Wl,-no_warn_duplicate_libraries -Wl,-no_warn_duplicate_libraries -Wl,-no_warn_duplicate_libraries -Wl,-no_warn_duplicate_libraries -Wl,-no_warn_duplicate_libraries -Xlinker -sectcreate -Xlinker __TEXT -Xlinker __entitlements -Xlinker /tmp/hyalo-ios-build/Build/Intermediates.noindex/HyaloApp.build/Debug-iphonesimulator/HyaloApp.build/Hyalo.app-Simulated.xcent -Xlinker -sectcreate -Xlinker __TEXT -Xlinker __ents_der -Xlinker /tmp/hyalo-ios-build/Build/Intermediates.noindex/HyaloApp.build/Debug-iphonesimulator/HyaloApp.build/Hyalo.app-Simulated.xcent.der -framework HyaloKitFramework -Xlinker -no_adhoc_codesign -o /tmp/hyalo-ios-build/Build/Products/Debug-iphonesimulator/Hyalo.app/Hyalo

CpResource /tmp/hyalo-ios-build/Build/Products/Debug-iphonesimulator/Hyalo.app/bootstrap-emacs.pdmp /Users/jwintz/Syntropment/hyalo-unified/iOS/HyaloApp/Resources/bootstrap-emacs.pdmp (in target 'HyaloApp' from project 'HyaloApp')
    cd /Users/jwintz/Syntropment/hyalo-unified/iOS
    builtin-copy -exclude .DS_Store -exclude CVS -exclude .svn -exclude .git -exclude .hg -resolve-src-symlinks /Users/jwintz/Syntropment/hyalo-unified/iOS/HyaloApp/Resources/bootstrap-emacs.pdmp /tmp/hyalo-ios-build/Build/Products/Debug-iphonesimulator/Hyalo.app

CpResource /tmp/hyalo-ios-build/Build/Products/Debug-iphonesimulator/Hyalo.app/init /Users/jwintz/Syntropment/hyalo-unified/iOS/HyaloApp/Resources/init (in target 'HyaloApp' from project 'HyaloApp')
    cd /Users/jwintz/Syntropment/hyalo-unified/iOS
    builtin-copy -exclude .DS_Store -exclude CVS -exclude .svn -exclude .git -exclude .hg -resolve-src-symlinks /Users/jwintz/Syntropment/hyalo-unified/iOS/HyaloApp/Resources/init /tmp/hyalo-ios-build/Build/Products/Debug-iphonesimulator/Hyalo.app

CpResource /tmp/hyalo-ios-build/Build/Products/Debug-iphonesimulator/Hyalo.app/lisp /Users/jwintz/Syntropment/hyalo-unified/iOS/HyaloApp/Resources/lisp (in target 'HyaloApp' from project 'HyaloApp')
    cd /Users/jwintz/Syntropment/hyalo-unified/iOS
    builtin-copy -exclude .DS_Store -exclude CVS -exclude .svn -exclude .git -exclude .hg -resolve-src-symlinks /Users/jwintz/Syntropment/hyalo-unified/iOS/HyaloApp/Resources/lisp /tmp/hyalo-ios-build/Build/Products/Debug-iphonesimulator/Hyalo.app

CpResource /tmp/hyalo-ios-build/Build/Products/Debug-iphonesimulator/Hyalo.app/etc /Users/jwintz/Syntropment/hyalo-unified/iOS/HyaloApp/Resources/etc (in target 'HyaloApp' from project 'HyaloApp')
    cd /Users/jwintz/Syntropment/hyalo-unified/iOS
    builtin-copy -exclude .DS_Store -exclude CVS -exclude .svn -exclude .git -exclude .hg -resolve-src-symlinks /Users/jwintz/Syntropment/hyalo-unified/iOS/HyaloApp/Resources/etc /tmp/hyalo-ios-build/Build/Products/Debug-iphonesimulator/Hyalo.app

ExtractAppIntentsMetadata (in target 'HyaloApp' from project 'HyaloApp')
    cd /Users/jwintz/Syntropment/hyalo-unified/iOS
    /Applications/Xcode.app/Contents/Developer/Toolchains/XcodeDefault.xctoolchain/usr/bin/appintentsmetadataprocessor --toolchain-dir /var/run/com.apple.security.cryptexd/mnt/com.apple.MobileAsset.MetalToolchain-v17.3.48.0.CQWn45/Metal.xctoolchain --module-name Hyalo --sdk-root /Applications/Xcode.app/Contents/Developer/Platforms/iPhoneSimulator.platform/Developer/SDKs/iPhoneSimulator26.2.sdk --xcode-version 17C52 --platform-family iOS --deployment-target 26.0 --bundle-identifier org.gnu.hyalo --output /tmp/hyalo-ios-build/Build/Products/Debug-iphonesimulator/Hyalo.app --target-triple arm64-apple-ios26.0-simulator --binary-file /tmp/hyalo-ios-build/Build/Products/Debug-iphonesimulator/Hyalo.app/Hyalo --dependency-file /tmp/hyalo-ios-build/Build/Intermediates.noindex/HyaloApp.build/Debug-iphonesimulator/HyaloApp.build/Objects-normal/arm64/Hyalo_dependency_info.dat --stringsdata-file /tmp/hyalo-ios-build/Build/Intermediates.noindex/HyaloApp.build/Debug-iphonesimulator/HyaloApp.build/Objects-normal/arm64/ExtractedAppShortcutsMetadata.stringsdata --source-file-list /tmp/hyalo-ios-build/Build/Intermediates.noindex/HyaloApp.build/Debug-iphonesimulator/HyaloApp.build/Objects-normal/arm64/Hyalo.SwiftFileList --metadata-file-list /tmp/hyalo-ios-build/Build/Intermediates.noindex/HyaloApp.build/Debug-iphonesimulator/HyaloApp.build/Hyalo.DependencyMetadataFileList --static-metadata-file-list /tmp/hyalo-ios-build/Build/Intermediates.noindex/HyaloApp.build/Debug-iphonesimulator/HyaloApp.build/Hyalo.DependencyStaticMetadataFileList --swift-const-vals-list /tmp/hyalo-ios-build/Build/Intermediates.noindex/HyaloApp.build/Debug-iphonesimulator/HyaloApp.build/Objects-normal/arm64/Hyalo.SwiftConstValuesFileList --compile-time-extraction --deployment-aware-processing --validate-assistant-intents --no-app-shortcuts-localization
2026-02-23 14:48:27.685 appintentsmetadataprocessor[92869:795626] Starting appintentsmetadataprocessor export
2026-02-23 14:48:27.688 appintentsmetadataprocessor[92869:795626] warning: Metadata extraction skipped. No AppIntents.framework dependency found.

ProcessInfoPlistFile /tmp/hyalo-ios-build/Build/Products/Debug-iphonesimulator/Hyalo.app/Info.plist /Users/jwintz/Syntropment/hyalo-unified/iOS/Info.plist (in target 'HyaloApp' from project 'HyaloApp')
    cd /Users/jwintz/Syntropment/hyalo-unified/iOS
    builtin-infoPlistUtility /Users/jwintz/Syntropment/hyalo-unified/iOS/Info.plist -producttype com.apple.product-type.application -genpkginfo /tmp/hyalo-ios-build/Build/Products/Debug-iphonesimulator/Hyalo.app/PkgInfo -expandbuildsettings -format binary -platform iphonesimulator -scanforprivacyfile /tmp/hyalo-ios-build/Build/Products/Debug-iphonesimulator/Hyalo.app/Frameworks/HyaloKitFramework.framework -o /tmp/hyalo-ios-build/Build/Products/Debug-iphonesimulator/Hyalo.app/Info.plist

CopySwiftLibs /tmp/hyalo-ios-build/Build/Products/Debug-iphonesimulator/Hyalo.app (in target 'HyaloApp' from project 'HyaloApp')
    cd /Users/jwintz/Syntropment/hyalo-unified/iOS
    builtin-swiftStdLibTool --copy --verbose --sign - --scan-executable /tmp/hyalo-ios-build/Build/Products/Debug-iphonesimulator/Hyalo.app/Hyalo --scan-folder /tmp/hyalo-ios-build/Build/Products/Debug-iphonesimulator/Hyalo.app/Frameworks --scan-folder /tmp/hyalo-ios-build/Build/Products/Debug-iphonesimulator/Hyalo.app/PlugIns --scan-folder /tmp/hyalo-ios-build/Build/Products/Debug-iphonesimulator/Hyalo.app/SystemExtensions --scan-folder /tmp/hyalo-ios-build/Build/Products/Debug-iphonesimulator/Hyalo.app/Extensions --scan-folder /tmp/hyalo-ios-build/Build/Products/Debug-iphonesimulator/HyaloKitFramework.framework --platform iphonesimulator --toolchain /var/run/com.apple.security.cryptexd/mnt/com.apple.MobileAsset.MetalToolchain-v17.3.48.0.CQWn45/Metal.xctoolchain --toolchain /Applications/Xcode.app/Contents/Developer/Toolchains/XcodeDefault.xctoolchain --destination /tmp/hyalo-ios-build/Build/Products/Debug-iphonesimulator/Hyalo.app/Frameworks --strip-bitcode --strip-bitcode-tool /Applications/Xcode.app/Contents/Developer/Toolchains/XcodeDefault.xctoolchain/usr/bin/bitcode_strip --emit-dependency-info /tmp/hyalo-ios-build/Build/Intermediates.noindex/HyaloApp.build/Debug-iphonesimulator/HyaloApp.build/SwiftStdLibToolInputDependencies.dep --filter-for-swift-os

CodeSign /tmp/hyalo-ios-build/Build/Products/Debug-iphonesimulator/Hyalo.app (in target 'HyaloApp' from project 'HyaloApp')
    cd /Users/jwintz/Syntropment/hyalo-unified/iOS
    
    Signing Identity:     "Sign to Run Locally"
    
    /usr/bin/codesign --force --sign - --timestamp\=none --generate-entitlement-der /tmp/hyalo-ios-build/Build/Products/Debug-iphonesimulator/Hyalo.app

Validate /tmp/hyalo-ios-build/Build/Products/Debug-iphonesimulator/Hyalo.app (in target 'HyaloApp' from project 'HyaloApp')
    cd /Users/jwintz/Syntropment/hyalo-unified/iOS
    builtin-validationUtility /tmp/hyalo-ios-build/Build/Products/Debug-iphonesimulator/Hyalo.app -shallow-bundle -infoplist-subpath Info.plist

** BUILD SUCCEEDED **

